[debug] [2026-06-15T21:31:42.178Z] ----------------------------------------------------------------------
[debug] [2026-06-15T21:31:42.200Z] Command:       C:\Program Files\nodejs\node.exe C:\Users\franc\AppData\Roaming\npm\node_modules\firebase-tools\lib\bin\firebase.js deploy --only hosting --project servicehub-18309
[debug] [2026-06-15T21:31:42.201Z] CLI Version:   15.19.1
[debug] [2026-06-15T21:31:42.201Z] Platform:      win32
[debug] [2026-06-15T21:31:42.202Z] Node Version:  v24.15.0
[debug] [2026-06-15T21:31:42.202Z] Time:          Mon Jun 15 2026 23:31:42 GMT+0200 (Ora legale dell’Europa centrale)
[debug] [2026-06-15T21:31:42.203Z] ----------------------------------------------------------------------
[debug] 
[debug] [2026-06-15T21:31:46.490Z] > command requires scopes: ["email","openid","https://www.googleapis.com/auth/cloudplatformprojects.readonly","https://www.googleapis.com/auth/firebase","https://www.googleapis.com/auth/cloud-platform"]
[debug] [2026-06-15T21:31:46.491Z] > authorizing via signed-in user (francescomendosa@gmail.com)
[debug] [2026-06-15T21:31:46.491Z] [iam] checking project servicehub-18309 for permissions ["firebase.projects.get","firebasehosting.sites.update"]
[debug] [2026-06-15T21:31:46.494Z] Checked if tokens are valid: true, expires at: 1781562377202
[debug] [2026-06-15T21:31:46.494Z] Checked if tokens are valid: true, expires at: 1781562377202
[debug] [2026-06-15T21:31:46.496Z] >>> [apiv2][query] POST https://cloudresourcemanager.googleapis.com/v1/projects/servicehub-18309:testIamPermissions [none]
[debug] [2026-06-15T21:31:46.496Z] >>> [apiv2][(partial)header] POST https://cloudresourcemanager.googleapis.com/v1/projects/servicehub-18309:testIamPermissions  x-goog-user-project=servicehub-18309
[debug] [2026-06-15T21:31:46.496Z] >>> [apiv2][body] POST https://cloudresourcemanager.googleapis.com/v1/projects/servicehub-18309:testIamPermissions {"permissions":["firebase.projects.get","firebasehosting.sites.update"]}
[debug] [2026-06-15T21:31:47.502Z] <<< [apiv2][status] POST https://cloudresourcemanager.googleapis.com/v1/projects/servicehub-18309:testIamPermissions 200
[debug] [2026-06-15T21:31:47.502Z] <<< [apiv2][body] POST https://cloudresourcemanager.googleapis.com/v1/projects/servicehub-18309:testIamPermissions {"permissions":["firebase.projects.get","firebasehosting.sites.update"]}
[debug] [2026-06-15T21:31:47.503Z] Checked if tokens are valid: true, expires at: 1781562377202
[debug] [2026-06-15T21:31:47.504Z] Checked if tokens are valid: true, expires at: 1781562377202
[debug] [2026-06-15T21:31:47.504Z] >>> [apiv2][query] GET https://firebase.googleapis.com/v1beta1/projects/servicehub-18309 [none]
[debug] [2026-06-15T21:31:47.982Z] <<< [apiv2][status] GET https://firebase.googleapis.com/v1beta1/projects/servicehub-18309 200
[debug] [2026-06-15T21:31:47.982Z] <<< [apiv2][body] GET https://firebase.googleapis.com/v1beta1/projects/servicehub-18309 {"projectId":"servicehub-18309","projectNumber":"844169156848","displayName":"ServiceHub","name":"projects/servicehub-18309","resources":{"hostingSite":"servicehub-18309"},"state":"ACTIVE","etag":"1_d2e0a01e-600e-4e8d-b05e-b95070ff4d4a"}
[info] 
[info] === Deploying to 'servicehub-18309'...
[info] 
[info] i  deploying hosting 
[debug] [2026-06-15T21:31:47.989Z] Checked if tokens are valid: true, expires at: 1781562377202
[debug] [2026-06-15T21:31:47.990Z] Checked if tokens are valid: true, expires at: 1781562377202
[debug] [2026-06-15T21:31:47.990Z] >>> [apiv2][query] GET https://firebasehosting.googleapis.com/v1beta1/projects/servicehub-18309/sites/servicehub-18309 [none]
[debug] [2026-06-15T21:31:49.181Z] <<< [apiv2][status] GET https://firebasehosting.googleapis.com/v1beta1/projects/servicehub-18309/sites/servicehub-18309 200
[debug] [2026-06-15T21:31:49.181Z] <<< [apiv2][body] GET https://firebasehosting.googleapis.com/v1beta1/projects/servicehub-18309/sites/servicehub-18309 {"name":"projects/servicehub-18309/sites/servicehub-18309","defaultUrl":"https://servicehub-18309.web.app","type":"DEFAULT_SITE"}
[debug] [2026-06-15T21:31:49.187Z] Checked if tokens are valid: true, expires at: 1781562377202
[debug] [2026-06-15T21:31:49.187Z] Checked if tokens are valid: true, expires at: 1781562377202
[debug] [2026-06-15T21:31:49.187Z] >>> [apiv2][query] POST https://firebasehosting.googleapis.com/v1beta1/projects/-/sites/servicehub-18309/versions [none]
[debug] [2026-06-15T21:31:49.188Z] >>> [apiv2][body] POST https://firebasehosting.googleapis.com/v1beta1/projects/-/sites/servicehub-18309/versions {"status":"CREATED","labels":{"deployment-tool":"cli-firebase"}}
[debug] [2026-06-15T21:31:50.883Z] <<< [apiv2][status] POST https://firebasehosting.googleapis.com/v1beta1/projects/-/sites/servicehub-18309/versions 200
[debug] [2026-06-15T21:31:50.884Z] <<< [apiv2][body] POST https://firebasehosting.googleapis.com/v1beta1/projects/-/sites/servicehub-18309/versions {"name":"projects/844169156848/sites/servicehub-18309/versions/9c5cbec8fb6673b8","status":"CREATED","config":{},"labels":{"deployment-tool":"cli-firebase"}}
[info] i  hosting[servicehub-18309]: beginning deploy... 
[info] i  hosting[servicehub-18309]: found 18 files in remote-host 
[debug] [2026-06-15T21:31:50.976Z] [hosting] uploading with 200 concurrency
[debug] [2026-06-15T21:31:51.056Z] Checked if tokens are valid: true, expires at: 1781562377202
[debug] [2026-06-15T21:31:51.057Z] Checked if tokens are valid: true, expires at: 1781562377202
[debug] [2026-06-15T21:31:51.064Z] [hosting] hash cache [cmVtb3RlLWhvc3Q] stored for 18 files
[debug] [2026-06-15T21:31:51.064Z] [hosting][hash queue][FINAL] {"max":55,"min":1,"avg":4,"active":0,"complete":18,"success":18,"errored":0,"retried":0,"total":18,"elapsed":79}
[debug] [2026-06-15T21:31:51.065Z] >>> [apiv2][query] POST https://firebasehosting.googleapis.com/v1beta1/projects/844169156848/sites/servicehub-18309/versions/9c5cbec8fb6673b8:populateFiles [none]
[debug] [2026-06-15T21:31:51.065Z] >>> [apiv2][body] POST https://firebasehosting.googleapis.com/v1beta1/projects/844169156848/sites/servicehub-18309/versions/9c5cbec8fb6673b8:populateFiles {"files":{"/tank-full.png":"be88a07f3bb816c40e5fed551790f329d68cb89be0f072ee6d8b5321187dcafd","/tank-empty.png":"769b6c493661514ed1dbaceca035bd3d63ed23f991813421d5eb518ab7914458","/tank-3d.png":"27daf2999db649ed6a71b2d5124ad5c1b0dfebe144e156c71cfb8dea515fefb8","/tank-3d-drain.png":"c4f006fe4177da7f03b296bbb140d00d14a2e4e0c0195553881b6471e25d1796","/tank-3d-acc.png":"aa9df513aa275be863f7106c7030ba88914a57910a9e8be89310482906bf2c6b","/tank-3d-acc-dren.png":"f48183b16f81ec8b6ba9288e83ff1deba80211e64391b0234f3a0718ad40a6e0","/sw.js":"a71fd11cf0a04a14769222166123f90a6a149dfcd46611a505a784b45324f93c","/splash-remote-pc.png":"8f915ee7f9861551e1688c89bcffea7c7fb38da1ce0188d64e4e01aa1317aa9a","/splash-remote-mobile.png":"77a0a7f8266abad10ade1e2ae95f9224de7ff911e9ae55dddb80b32a1ddb27a6","/sh-remote-touch.png":"b6e06267b091aa81448bdef0eb476229fc82ce8bbdd79b988fd86f30732709ce","/sh-remote-icon-512.png":"ce52e9e0d7ab03f2ae132f66b599f1d20e63bb437c8dce8b5264493d44d8037a","/sh-remote-icon-192.png":"77995c343d5276e42c41e2e64143b8177de1b5a05ed5f44b705995602f2c6c24","/sh-remote-favicon.png":"4523eadcce480ec2b13ee8da858513949a8f7fb9ddc561e40e6f8ac5c04cc247","/manifest.json":"bed86eccb2e6619ef65a6280b5c0b67731ec86180e2aade5d67cb37e7d73d497","/install.html":"821146aba92a4ce64b762a4dbcd1e95d04b5adf756612791067b59eb131dd5d4","/install-help.js":"942c61e3752ede303e1e90655fca17f92ac7a12b867a1eedc41933f1e6017da6","/digital-remote.css":"86c4197e7aa3bb5501c32070f708571b877f9422bdc44d6a2ad90c7ccabff4cd","/index.html":"678178c5ee05b38eaad500facc3f75716da9fd2889cb6970c89c3271eaf187fe"}}
[debug] [2026-06-15T21:31:51.935Z] <<< [apiv2][status] POST https://firebasehosting.googleapis.com/v1beta1/projects/844169156848/sites/servicehub-18309/versions/9c5cbec8fb6673b8:populateFiles 200
[debug] [2026-06-15T21:31:51.937Z] <<< [apiv2][body] POST https://firebasehosting.googleapis.com/v1beta1/projects/844169156848/sites/servicehub-18309/versions/9c5cbec8fb6673b8:populateFiles {"uploadRequiredHashes":["678178c5ee05b38eaad500facc3f75716da9fd2889cb6970c89c3271eaf187fe"],"uploadUrl":"https://upload-firebasehosting.googleapis.com/upload/sites/servicehub-18309/versions/9c5cbec8fb6673b8/files"}
[debug] [2026-06-15T21:31:51.966Z] Checked if tokens are valid: true, expires at: 1781562377202
[debug] [2026-06-15T21:31:51.967Z] Checked if tokens are valid: true, expires at: 1781562377202
[debug] [2026-06-15T21:31:51.967Z] >>> [apiv2][query] POST https://upload-firebasehosting.googleapis.com/upload/sites/servicehub-18309/versions/9c5cbec8fb6673b8/files/678178c5ee05b38eaad500facc3f75716da9fd2889cb6970c89c3271eaf187fe [none]
[debug] [2026-06-15T21:31:51.967Z] >>> [apiv2][body] POST https://upload-firebasehosting.googleapis.com/upload/sites/servicehub-18309/versions/9c5cbec8fb6673b8/files/678178c5ee05b38eaad500facc3f75716da9fd2889cb6970c89c3271eaf187fe [stream]
[debug] [2026-06-15T21:31:51.992Z] [hosting][populate queue][FINAL] {"max":914,"min":914,"avg":914,"active":0,"complete":1,"success":1,"errored":0,"retried":0,"total":1,"elapsed":939}
[debug] [2026-06-15T21:31:51.994Z] [hosting] uploads queued: 1
[info] i  hosting: uploading new files [0/1] (0%) 
[debug] [2026-06-15T21:31:53.299Z] <<< [apiv2][status] POST https://upload-firebasehosting.googleapis.com/upload/sites/servicehub-18309/versions/9c5cbec8fb6673b8/files/678178c5ee05b38eaad500facc3f75716da9fd2889cb6970c89c3271eaf187fe 200
[debug] [2026-06-15T21:31:53.299Z] <<< [apiv2][body] POST https://upload-firebasehosting.googleapis.com/upload/sites/servicehub-18309/versions/9c5cbec8fb6673b8/files/678178c5ee05b38eaad500facc3f75716da9fd2889cb6970c89c3271eaf187fe [stream]
[debug] [2026-06-15T21:31:53.299Z] [hosting][upload queue][FINAL] {"max":1358,"min":1358,"avg":1358,"active":0,"complete":1,"success":1,"errored":0,"retried":0,"total":1,"elapsed":1358}
[info] i  hosting: upload complete 
[info] +  hosting[servicehub-18309]: file upload complete 
[debug] [2026-06-15T21:31:53.300Z] [hosting] deploy completed after 2405ms
[debug] [2026-06-15T21:31:53.301Z] [
  {
    "config": {
      "public": "remote-host",
      "ignore": [
        "firebase.json",
        "**/.*",
        "**/node_modules/**"
      ],
      "rewrites": [
        {
          "source": "/r/**",
          "destination": "/index.html"
        }
      ],
      "headers": [
        {
          "source": "**/*.html",
          "headers": [
            {
              "key": "Cache-Control",
              "value": "no-cache, no-store, must-revalidate"
            }
          ]
        }
      ],
      "site": "servicehub-18309"
    },
    "version": "projects/844169156848/sites/servicehub-18309/versions/9c5cbec8fb6673b8"
  }
]
[info] i  hosting[servicehub-18309]: finalizing version... 
[debug] [2026-06-15T21:31:53.314Z] Checked if tokens are valid: true, expires at: 1781562377202
[debug] [2026-06-15T21:31:53.315Z] Checked if tokens are valid: true, expires at: 1781562377202
[debug] [2026-06-15T21:31:53.318Z] >>> [apiv2][query] PATCH https://firebasehosting.googleapis.com/v1beta1/projects/-/sites/servicehub-18309/versions/9c5cbec8fb6673b8 updateMask=status%2Cconfig
[debug] [2026-06-15T21:31:53.320Z] >>> [apiv2][body] PATCH https://firebasehosting.googleapis.com/v1beta1/projects/-/sites/servicehub-18309/versions/9c5cbec8fb6673b8 {"status":"FINALIZED","config":{"rewrites":[{"glob":"/r/**","path":"/index.html"}],"headers":[{"glob":"**/*.html","headers":{"Cache-Control":"no-cache, no-store, must-revalidate"}}]}}
[debug] [2026-06-15T21:31:55.195Z] <<< [apiv2][status] PATCH https://firebasehosting.googleapis.com/v1beta1/projects/-/sites/servicehub-18309/versions/9c5cbec8fb6673b8 200
[debug] [2026-06-15T21:31:55.196Z] <<< [apiv2][body] PATCH https://firebasehosting.googleapis.com/v1beta1/projects/-/sites/servicehub-18309/versions/9c5cbec8fb6673b8 {"name":"projects/844169156848/sites/servicehub-18309/versions/9c5cbec8fb6673b8","status":"FINALIZED","config":{"headers":[{"headers":{"Cache-Control":"no-cache, no-store, must-revalidate"},"glob":"**/*.html"}],"rewrites":[{"glob":"/r/**","path":"/index.html"}]},"labels":{"deployment-tool":"cli-firebase"},"createTime":"2026-06-15T21:31:49.521793Z","createUser":{"email":"francescomendosa@gmail.com"},"finalizeTime":"2026-06-15T21:31:54.382043Z","finalizeUser":{"email":"francescomendosa@gmail.com"}}
[debug] [2026-06-15T21:31:55.197Z] [hosting] finalized version for servicehub-18309:[object Object]
[info] +  hosting[servicehub-18309]: version finalized 
[info] i  hosting[servicehub-18309]: releasing new version... 
[debug] [2026-06-15T21:31:55.198Z] Checked if tokens are valid: true, expires at: 1781562377202
[debug] [2026-06-15T21:31:55.199Z] Checked if tokens are valid: true, expires at: 1781562377202
[debug] [2026-06-15T21:31:55.199Z] >>> [apiv2][query] POST https://firebasehosting.googleapis.com/v1beta1/projects/-/sites/servicehub-18309/channels/live/releases versionName=projects%2F844169156848%2Fsites%2Fservicehub-18309%2Fversions%2F9c5cbec8fb6673b8
[debug] [2026-06-15T21:31:55.199Z] >>> [apiv2][body] POST https://firebasehosting.googleapis.com/v1beta1/projects/-/sites/servicehub-18309/channels/live/releases {}
[debug] [2026-06-15T21:31:56.887Z] <<< [apiv2][status] POST https://firebasehosting.googleapis.com/v1beta1/projects/-/sites/servicehub-18309/channels/live/releases 200
[debug] [2026-06-15T21:31:56.909Z] <<< [apiv2][body] POST https://firebasehosting.googleapis.com/v1beta1/projects/-/sites/servicehub-18309/channels/live/releases {"name":"projects/844169156848/sites/servicehub-18309/channels/live/releases/1781559115282000","version":{"name":"projects/844169156848/sites/servicehub-18309/versions/9c5cbec8fb6673b8","status":"FINALIZED","config":{"headers":[{"headers":{"Cache-Control":"no-cache, no-store, must-revalidate"},"glob":"**/*.html"}],"rewrites":[{"glob":"/r/**","path":"/index.html"}]},"labels":{"deployment-tool":"cli-firebase"},"createTime":"2026-06-15T21:31:49.521793Z","createUser":{"email":"francescomendosa@gmail.com","imageUrl":"https://lh3.googleusercontent.com/a/ACg8ocKlFWZW_c-Ox-Zad080Hr69nBFNcQheOvk1txLQJLbIAXPIWdp6"},"finalizeTime":"2026-06-15T21:31:54.382043Z","finalizeUser":{"email":"francescomendosa@gmail.com","imageUrl":"https://lh3.googleusercontent.com/a/ACg8ocKlFWZW_c-Ox-Zad080Hr69nBFNcQheOvk1txLQJLbIAXPIWdp6"}},"type":"DEPLOY","releaseTime":"2026-06-15T21:31:55.282Z","releaseUser":{"email":"francescomendosa@gmail.com","imageUrl":"https://lh3.googleusercontent.com/a/ACg8ocKlFWZW_c-Ox-Zad080Hr69nBFNcQheOvk1txLQJLbIAXPIWdp6"}}
[debug] [2026-06-15T21:31:56.911Z] [hosting] release: {"name":"projects/844169156848/sites/servicehub-18309/channels/live/releases/1781559115282000","version":{"name":"projects/844169156848/sites/servicehub-18309/versions/9c5cbec8fb6673b8","status":"FINALIZED","config":{"headers":[{"headers":{"Cache-Control":"no-cache, no-store, must-revalidate"},"glob":"**/*.html"}],"rewrites":[{"glob":"/r/**","path":"/index.html"}]},"labels":{"deployment-tool":"cli-firebase"},"createTime":"2026-06-15T21:31:49.521793Z","createUser":{"email":"francescomendosa@gmail.com","imageUrl":"https://lh3.googleusercontent.com/a/ACg8ocKlFWZW_c-Ox-Zad080Hr69nBFNcQheOvk1txLQJLbIAXPIWdp6"},"finalizeTime":"2026-06-15T21:31:54.382043Z","finalizeUser":{"email":"francescomendosa@gmail.com","imageUrl":"https://lh3.googleusercontent.com/a/ACg8ocKlFWZW_c-Ox-Zad080Hr69nBFNcQheOvk1txLQJLbIAXPIWdp6"}},"type":"DEPLOY","releaseTime":"2026-06-15T21:31:55.282Z","releaseUser":{"email":"francescomendosa@gmail.com","imageUrl":"https://lh3.googleusercontent.com/a/ACg8ocKlFWZW_c-Ox-Zad080Hr69nBFNcQheOvk1txLQJLbIAXPIWdp6"}}
[info] +  hosting[servicehub-18309]: release complete 
[info] 
[info] +  Deploy complete! 
[info] 
[info] Project Console: https://console.firebase.google.com/project/servicehub-18309/overview
[info] Hosting URL: https://servicehub-18309.web.app
